<?xml version="1.0" encoding="UTF-8"?>
<!-- Generated by org.testng.reporters.JUnitXMLReporter -->
<testsuite ignored="0" hostname="DESKTOP-DOI1RUF" failures="0" tests="2" name="Surefire test" time="16.204" errors="0" timestamp="23 мая 2022 13:02:35 GMT">
  <testcase classname="src.test.java.Mesto1Test" name="likeTheFirstPhoto on likeTheFirstPhoto(src.test.java.Mesto1Test)" time="13.892"/>
  <testcase classname="src.test.java.Mesto1Test" name="addNewPhoto on addNewPhoto(src.test.java.Mesto1Test)" time="16.073"/>
</testsuite> <!-- Surefire test -->
