<?xml version="1.0" encoding="UTF-8"?>
<testng-results ignored="0" total="2" passed="2" failed="0" skipped="0">
  <reporter-output>
  </reporter-output>
  <suite started-at="2022-05-23T13:02:19Z" name="Surefire suite" finished-at="2022-05-23T13:02:35Z" duration-ms="16204">
    <groups>
    </groups>
    <test started-at="2022-05-23T13:02:19Z" name="Surefire test" finished-at="2022-05-23T13:02:35Z" duration-ms="16204">
      <class name="src.test.java.Mesto1Test">
        <test-method signature="likeTheFirstPhoto()" started-at="2022-05-23T13:02:19Z" name="likeTheFirstPhoto" finished-at="2022-05-23T13:02:33Z" duration-ms="13892" status="PASS">
          <reporter-output>
          </reporter-output>
        </test-method> <!-- likeTheFirstPhoto -->
        <test-method signature="addNewPhoto()" started-at="2022-05-23T13:02:19Z" name="addNewPhoto" finished-at="2022-05-23T13:02:35Z" duration-ms="16073" status="PASS">
          <reporter-output>
          </reporter-output>
        </test-method> <!-- addNewPhoto -->
      </class> <!-- src.test.java.Mesto1Test -->
    </test> <!-- Surefire test -->
  </suite> <!-- Surefire suite -->
</testng-results>
